<?xml version="1.0" encoding="UTF-8"?>
<coverage generated="1723463553166" clover="3.2.0">
  <project timestamp="1723463553166" name="All files">
    <metrics statements="6" coveredstatements="6" conditionals="4" coveredconditionals="4" methods="1" coveredmethods="1" elements="11" coveredelements="11" complexity="0" loc="6" ncloc="6" packages="1" files="1" classes="1"/>
    <file name="cognitoHelper.ts" path="/Users/hassaan-ahmed/personal/serverless-task-manager/src/utils/cognitoHelper.ts">
      <metrics statements="6" coveredstatements="6" conditionals="4" coveredconditionals="4" methods="1" coveredmethods="1"/>
      <line num="1" count="1" type="stmt"/>
      <line num="3" count="1" type="stmt"/>
      <line num="4" count="2" type="stmt"/>
      <line num="9" count="2" type="stmt"/>
      <line num="10" count="2" type="stmt"/>
      <line num="15" count="2" type="stmt"/>
    </file>
  </project>
</coverage>
