{"/Users/hassaan-ahmed/personal/serverless-task-manager/src/utils/cognitoHelper.ts": {"path":"/Users/hassaan-ahmed/personal/serverless-task-manager/src/utils/cognitoHelper.ts","statementMap":{"0":{"start":{"line":1,"column":0},"end":{"line":1,"column":96}},"1":{"start":{"line":3,"column":30},"end":{"line":16,"column":1}},"2":{"start":{"line":4,"column":40},"end":{"line":7,"column":4}},"3":{"start":{"line":9,"column":19},"end":{"line":9,"column":48}},"4":{"start":{"line":10,"column":19},"end":{"line":13,"column":4}},"5":{"start":{"line":15,"column":2},"end":{"line":15,"column":35}},"6":{"start":{"line":3,"column":13},"end":{"line":3,"column":30}}},"fnMap":{"0":{"name":"(anonymous_0)","decl":{"start":{"line":3,"column":30},"end":{"line":3,"column":31}},"loc":{"start":{"line":3,"column":64},"end":{"line":16,"column":1}}}},"branchMap":{"0":{"loc":{"start":{"line":5,"column":16},"end":{"line":5,"column":54}},"type":"binary-expr","locations":[{"start":{"line":5,"column":16},"end":{"line":5,"column":48}},{"start":{"line":5,"column":52},"end":{"line":5,"column":54}}]},"1":{"loc":{"start":{"line":6,"column":14},"end":{"line":6,"column":49}},"type":"binary-expr","locations":[{"start":{"line":6,"column":14},"end":{"line":6,"column":43}},{"start":{"line":6,"column":47},"end":{"line":6,"column":49}}]}},"s":{"0":1,"1":1,"2":2,"3":2,"4":2,"5":2,"6":1},"f":{"0":2},"b":{"0":[2,1],"1":[2,1]}}
}
